<?xml version="1.0" encoding="UTF-8"?>
<!-- Generated by org.testng.reporters.JUnitReportReporter -->
<testsuite skipped="0" hostname="computer" name="PracticeTestCases.Window_handling_TestCases" tests="3" failures="0" timestamp="26 Mar 2020 15:12:32 GMT" time="32.648" errors="0">
  <testcase name="verify_title" time="12.860" classname="PracticeTestCases.Window_handling_TestCases"/>
  <testcase name="Verify_PageSource" time="2.807" classname="PracticeTestCases.Window_handling_TestCases"/>
  <testcase name="Verify_title" time="16.981" classname="PracticeTestCases.Window_handling_TestCases"/>
</testsuite> <!-- PracticeTestCases.Window_handling_TestCases -->
